0 info it worked if it ends with ok
1 verbose cli [ 'D:\\nodejs\\node.exe',
1 verbose cli   'D:\\nodejs\\node_modules\\npm\\bin\\npm-cli.js',
1 verbose cli   'start' ]
2 info using npm@3.10.9
3 info using node@v6.9.2
4 verbose run-script [ 'prestart', 'start', 'poststart' ]
5 info lifecycle examplehubot@0.0.0~prestart: examplehubot@0.0.0
6 silly lifecycle examplehubot@0.0.0~prestart: no script for prestart, continuing
7 info lifecycle examplehubot@0.0.0~start: examplehubot@0.0.0
8 verbose lifecycle examplehubot@0.0.0~start: unsafe-perm in lifecycle true
9 verbose lifecycle examplehubot@0.0.0~start: PATH: D:\nodejs\node_modules\npm\bin\node-gyp-bin;E:\Haritz\DevelopProjects\myhubot\node_modules\.bin;C:\ProgramData\Oracle\Java\javapath;C:\Windows\system32;C:\Windows;C:\Windows\System32\Wbem;C:\Windows\System32\WindowsPowerShell\v1.0\;D:\nodejs\;C:\Program Files (x86)\Skype\Phone\;C:\Program Files\Git\cmd;D:\Heroku\bin;C:\Program Files (x86)\git\cmd;C:\Program Files (x86)\Git\cmd;D:\Google\Cloud SDK\google-cloud-sdk\bin;C:\Program Files (x86)\NVIDIA Corporation\PhysX\Common;C:\Program Files (x86)\PuTTY\;C:\Users\haritz\AppData\Roaming\npm;D:\sonar-scanner-2.8\bin;D:\Ruby23-x64\bin;C:\Users\haritz\AppData\Local\Microsoft\WindowsApps;D:\Heroku\bin
10 verbose lifecycle examplehubot@0.0.0~start: CWD: E:\Haritz\DevelopProjects\myhubot
11 silly lifecycle examplehubot@0.0.0~start: Args: [ '/d /s /c', './bin/hubot' ]
12 silly lifecycle examplehubot@0.0.0~start: Returned: code: 1  signal: null
13 info lifecycle examplehubot@0.0.0~start: Failed to exec start script
14 verbose stack Error: examplehubot@0.0.0 start: `./bin/hubot`
14 verbose stack Exit status 1
14 verbose stack     at EventEmitter.<anonymous> (D:\nodejs\node_modules\npm\lib\utils\lifecycle.js:255:16)
14 verbose stack     at emitTwo (events.js:106:13)
14 verbose stack     at EventEmitter.emit (events.js:191:7)
14 verbose stack     at ChildProcess.<anonymous> (D:\nodejs\node_modules\npm\lib\utils\spawn.js:40:14)
14 verbose stack     at emitTwo (events.js:106:13)
14 verbose stack     at ChildProcess.emit (events.js:191:7)
14 verbose stack     at maybeClose (internal/child_process.js:877:16)
14 verbose stack     at Process.ChildProcess._handle.onexit (internal/child_process.js:226:5)
15 verbose pkgid examplehubot@0.0.0
16 verbose cwd E:\Haritz\DevelopProjects\myhubot
17 error Windows_NT 10.0.14393
18 error argv "D:\\nodejs\\node.exe" "D:\\nodejs\\node_modules\\npm\\bin\\npm-cli.js" "start"
19 error node v6.9.2
20 error npm  v3.10.9
21 error code ELIFECYCLE
22 error examplehubot@0.0.0 start: `./bin/hubot`
22 error Exit status 1
23 error Failed at the examplehubot@0.0.0 start script './bin/hubot'.
23 error Make sure you have the latest version of node.js and npm installed.
23 error If you do, this is most likely a problem with the examplehubot package,
23 error not with npm itself.
23 error Tell the author that this fails on your system:
23 error     ./bin/hubot
23 error You can get information on how to open an issue for this project with:
23 error     npm bugs examplehubot
23 error Or if that isn't available, you can get their info via:
23 error     npm owner ls examplehubot
23 error There is likely additional logging output above.
24 verbose exit [ 1, true ]
